2022-10-06 11:02:39.742  INFO 15356 --- [main] App.Application                          : Starting Application using Java 18.0.2.1 on DESKTOP-UQI7I40 with PID 15356 (C:\Users\Ri\Documents\Revature\IdeaProjects\P2GamesShop-Backend\build\classes\java\main started by Ri in C:\Users\Ri\Documents\Revature\IdeaProjects\P2GamesShop-Backend)
2022-10-06 11:02:39.746  INFO 15356 --- [main] App.Application                          : No active profile set, falling back to 1 default profile: "default"
2022-10-06 11:02:40.925  INFO 15356 --- [main] .s.d.r.c.RepositoryConfigurationDelegate : Bootstrapping Spring Data JPA repositories in DEFAULT mode.
2022-10-06 11:02:41.033  INFO 15356 --- [main] .s.d.r.c.RepositoryConfigurationDelegate : Finished Spring Data repository scanning in 86 ms. Found 3 JPA repository interfaces.
2022-10-06 11:02:42.362  INFO 15356 --- [main] o.s.b.w.embedded.tomcat.TomcatWebServer  : Tomcat initialized with port(s): 8080 (http)
2022-10-06 11:02:42.384  INFO 15356 --- [main] o.apache.catalina.core.StandardService   : Starting service [Tomcat]
2022-10-06 11:02:42.395  INFO 15356 --- [main] org.apache.catalina.core.StandardEngine  : Starting Servlet engine: [Apache Tomcat/9.0.65]
2022-10-06 11:02:42.627  INFO 15356 --- [main] o.a.c.c.C.[Tomcat].[localhost].[/]       : Initializing Spring embedded WebApplicationContext
2022-10-06 11:02:42.628  INFO 15356 --- [main] w.s.c.ServletWebServerApplicationContext : Root WebApplicationContext: initialization completed in 2780 ms
2022-10-06 11:02:43.236  INFO 15356 --- [main] o.hibernate.jpa.internal.util.LogHelper  : HHH000204: Processing PersistenceUnitInfo [name: default]
2022-10-06 11:02:43.347  INFO 15356 --- [main] org.hibernate.Version                    : HHH000412: Hibernate ORM core version 5.6.11.Final
2022-10-06 11:02:43.695  INFO 15356 --- [main] o.hibernate.annotations.common.Version   : HCANN000001: Hibernate Commons Annotations {5.1.2.Final}
2022-10-06 11:02:43.891  INFO 15356 --- [main] com.zaxxer.hikari.HikariDataSource       : HikariPool-1 - Starting...
2022-10-06 11:02:44.941  INFO 15356 --- [main] com.zaxxer.hikari.HikariDataSource       : HikariPool-1 - Start completed.
2022-10-06 11:02:44.978  INFO 15356 --- [main] org.hibernate.dialect.Dialect            : HHH000400: Using dialect: org.hibernate.dialect.SQLServerDialect
2022-10-06 11:02:46.310  INFO 15356 --- [main] o.h.e.t.j.p.i.JtaPlatformInitiator       : HHH000490: Using JtaPlatform implementation: [org.hibernate.engine.transaction.jta.platform.internal.NoJtaPlatform]
2022-10-06 11:02:46.323  INFO 15356 --- [main] j.LocalContainerEntityManagerFactoryBean : Initialized JPA EntityManagerFactory for persistence unit 'default'
2022-10-06 11:02:47.238  WARN 15356 --- [main] JpaBaseConfiguration$JpaWebConfiguration : spring.jpa.open-in-view is enabled by default. Therefore, database queries may be performed during view rendering. Explicitly configure spring.jpa.open-in-view to disable this warning
2022-10-06 11:02:47.882  INFO 15356 --- [main] o.s.b.w.embedded.tomcat.TomcatWebServer  : Tomcat started on port(s): 8080 (http) with context path ''
2022-10-06 11:02:47.894  INFO 15356 --- [main] App.Application                          : Started Application in 8.879 seconds (JVM running for 9.484)
2022-10-06 11:03:08.226  INFO 15356 --- [http-nio-8080-exec-1] o.a.c.c.C.[Tomcat].[localhost].[/]       : Initializing Spring DispatcherServlet 'dispatcherServlet'
2022-10-06 11:03:08.226  INFO 15356 --- [http-nio-8080-exec-1] o.s.web.servlet.DispatcherServlet        : Initializing Servlet 'dispatcherServlet'
2022-10-06 11:03:08.227  INFO 15356 --- [http-nio-8080-exec-1] o.s.web.servlet.DispatcherServlet        : Completed initialization in 1 ms
2022-10-06 11:03:08.431  INFO 15356 --- [http-nio-8080-exec-1] gAspect$$EnhancerBySpringCGLIB$$428b1bc0 : Intercepted method call of getProductByID
2022-10-06 11:03:08.541  INFO 15356 --- [http-nio-8080-exec-1] gAspect$$EnhancerBySpringCGLIB$$428b1bc0 : Intercepted method call of save
